[0m22:30:23.834632 [debug] [MainThread]: Sending event: {'category': 'dbt', 'action': 'invocation', 'label': 'start', 'context': [<snowplow_tracker.self_describing_json.SelfDescribingJson object at 0x000001E0047E2FC0>, <snowplow_tracker.self_describing_json.SelfDescribingJson object at 0x000001E0047E0F50>, <snowplow_tracker.self_describing_json.SelfDescribingJson object at 0x000001E00412AC30>]}


============================== 22:30:23.848634 | aa6b0809-bbfa-406f-a216-8f399efb47a9 ==============================
[0m22:30:23.848634 [info ] [MainThread]: Running with dbt=1.9.2
[0m22:30:23.849633 [debug] [MainThread]: running dbt with arguments {'printer_width': '80', 'indirect_selection': 'eager', 'write_json': 'True', 'log_cache_events': 'False', 'partial_parse': 'True', 'cache_selected_only': 'False', 'warn_error': 'None', 'debug': 'False', 'profiles_dir': 'C:\\Users\\HP\\.dbt', 'log_path': 'logs', 'fail_fast': 'False', 'version_check': 'True', 'use_colors': 'True', 'use_experimental_parser': 'False', 'no_print': 'None', 'quiet': 'False', 'empty': 'None', 'warn_error_options': 'WarnErrorOptions(include=[], exclude=[])', 'introspect': 'True', 'log_format': 'default', 'invocation_command': 'dbt init dbt_project', 'target_path': 'None', 'static_parser': 'True', 'send_anonymous_usage_stats': 'True'}
[0m22:30:23.937634 [debug] [MainThread]: Starter project path: C:\Users\HP\Documents\GitHub\GCP_Crypto\.env\Lib\site-packages\dbt\include\starter_project
[0m22:30:23.999633 [info ] [MainThread]: 
Your new dbt project "dbt_project" was created!

For more information on how to configure the profiles.yml file,
please consult the dbt documentation here:

  https://docs.getdbt.com/docs/configure-your-profile

One more thing:

Need help? Don't hesitate to reach out to us via GitHub issues or on Slack:

  https://community.getdbt.com/

Happy modeling!

[0m22:30:24.003634 [info ] [MainThread]: Setting up your profile.
[0m22:34:25.267723 [info ] [MainThread]: Profile dbt_project written to C:\Users\HP\.dbt\profiles.yml using target's profile_template.yml and your supplied values. Run 'dbt debug' to validate the connection.
[0m22:34:25.272803 [debug] [MainThread]: Command `dbt init` succeeded at 22:34:25.272803 after 241.88 seconds
[0m22:34:25.274725 [debug] [MainThread]: Sending event: {'category': 'dbt', 'action': 'invocation', 'label': 'end', 'context': [<snowplow_tracker.self_describing_json.SelfDescribingJson object at 0x000001E00494A060>, <snowplow_tracker.self_describing_json.SelfDescribingJson object at 0x000001E00DBE4FE0>, <snowplow_tracker.self_describing_json.SelfDescribingJson object at 0x000001E00444DE80>]}
[0m22:34:25.275723 [debug] [MainThread]: Flushing usage events
[0m22:34:25.723721 [debug] [MainThread]: An error was encountered while trying to flush usage events
